<?xml version="1.0" encoding="UTF-8"?>
<!-- Generated by org.testng.reporters.JUnitXMLReporter -->
<testsuite ignored="0" hostname="LAPTOP-E6E2V7OF" failures="1" tests="1" name="Test" time="9.141" errors="0" timestamp="2022-03-18T23:32:28 PDT">
  <testcase classname="com.demo.tests.LoginTests" name="verifyUserLoginWithCorrectCredentials" time="2.188">
    <failure type="java.lang.AssertionError" message="expected [Guru99 Bank Manager HomePage - for fail TC] but found [Guru99 Bank Manager HomePage]">
      <![CDATA[java.lang.AssertionError: expected [Guru99 Bank Manager HomePage - for fail TC] but found [Guru99 Bank Manager HomePage]
at com.demo.tests.LoginTests.verifyUserLoginWithCorrectCredentials(LoginTests.java:26)
at java.base/java.util.ArrayList.forEach(ArrayList.java:1511)
... Removed 33 stack frames]]>
    </failure>
  </testcase> <!-- verifyUserLoginWithCorrectCredentials -->
</testsuite> <!-- Test -->
